  Compiling CUDA source file kernel.cu...
  
  C:\Users\mabdel63\Drum_FiniteElement_InParallel\Lab3>"C:\Program Files\NVIDIA GPU Computing Toolkit\CUDA\v10.1\bin\nvcc.exe" -gencode=arch=compute_35,code=\"sm_35,compute_35\" --use-local-env -ccbin "C:\Program Files (x86)\Microsoft Visual Studio\2019\Community\VC\Tools\MSVC\14.22.27905\bin\HostX86\x64" -x cu  -I"C:\Program Files\NVIDIA GPU Computing Toolkit\CUDA\v10.1\include" -I"C:\Program Files\NVIDIA GPU Computing Toolkit\CUDA\v10.1\include"  -G   --keep-dir x64\Debug -maxrregcount=0  --machine 64 --compile -cudart static  -g   -DWIN32 -DWIN64 -D_DEBUG -D_CONSOLE -D_MBCS -Xcompiler "/EHsc /W3 /nologo /Od /Fdx64\Debug\vc142.pdb /FS /Zi /RTC1 /MDd " -o x64\Debug\kernel.cu.obj "C:\Users\mabdel63\Drum_FiniteElement_InParallel\Lab3\kernel.cu" 
C:/Users/mabdel63/Drum_FiniteElement_InParallel/Lab3/kernel.cu(154): warning : transfer of control bypasses initialization of:
              variable "numBlocks"
  (184): here
              variable "threadsPerBlock"
  (185): here
              variable "numOfElementsPerBlock"
  (186): here
  
C:/Users/mabdel63/Drum_FiniteElement_InParallel/Lab3/kernel.cu(161): warning : transfer of control bypasses initialization of:
              variable "numBlocks"
  (184): here
              variable "threadsPerBlock"
  (185): here
              variable "numOfElementsPerBlock"
  (186): here
  
C:/Users/mabdel63/Drum_FiniteElement_InParallel/Lab3/kernel.cu(167): warning : transfer of control bypasses initialization of:
              variable "numBlocks"
  (184): here
              variable "threadsPerBlock"
  (185): here
              variable "numOfElementsPerBlock"
  (186): here
  
C:/Users/mabdel63/Drum_FiniteElement_InParallel/Lab3/kernel.cu(173): warning : transfer of control bypasses initialization of:
              variable "numBlocks"
  (184): here
              variable "threadsPerBlock"
  (185): here
              variable "numOfElementsPerBlock"
  (186): here
  
C:/Users/mabdel63/Drum_FiniteElement_InParallel/Lab3/kernel.cu(154): warning : transfer of control bypasses initialization of:
              variable "numBlocks"
  (184): here
              variable "threadsPerBlock"
  (185): here
              variable "numOfElementsPerBlock"
  (186): here
  
C:/Users/mabdel63/Drum_FiniteElement_InParallel/Lab3/kernel.cu(161): warning : transfer of control bypasses initialization of:
              variable "numBlocks"
  (184): here
              variable "threadsPerBlock"
  (185): here
              variable "numOfElementsPerBlock"
  (186): here
  
C:/Users/mabdel63/Drum_FiniteElement_InParallel/Lab3/kernel.cu(167): warning : transfer of control bypasses initialization of:
              variable "numBlocks"
  (184): here
              variable "threadsPerBlock"
  (185): here
              variable "numOfElementsPerBlock"
  (186): here
  
C:/Users/mabdel63/Drum_FiniteElement_InParallel/Lab3/kernel.cu(173): warning : transfer of control bypasses initialization of:
              variable "numBlocks"
  (184): here
              variable "threadsPerBlock"
  (185): here
              variable "numOfElementsPerBlock"
  (186): here
  
  kernel.cu
  Lab3.vcxproj -> C:\Users\mabdel63\Drum_FiniteElement_InParallel\x64\Debug\Lab3.exe
